warning: ignoring unsupported tag `OUTPUT_TEXT_DIRECTION  =' at line 102, file /home/travis/build/handsomehack/HackprivateRepo/Doxyfile
warning: ignoring unsupported tag `JAVADOC_BANNER         =' at line 208, file /home/travis/build/handsomehack/HackprivateRepo/Doxyfile
warning: ignoring unsupported tag `PYTHON_DOCSTRING       =' at line 236, file /home/travis/build/handsomehack/HackprivateRepo/Doxyfile
warning: ignoring unsupported tag `OPTIMIZE_OUTPUT_SLICE  =' at line 308, file /home/travis/build/handsomehack/HackprivateRepo/Doxyfile
warning: ignoring unsupported tag `TOC_INCLUDE_HEADINGS   =' at line 350, file /home/travis/build/handsomehack/HackprivateRepo/Doxyfile
warning: ignoring unsupported tag `NUM_PROC_THREADS       =' at line 474, file /home/travis/build/handsomehack/HackprivateRepo/Doxyfile
warning: ignoring unsupported tag `EXTRACT_PRIV_VIRTUAL   =' at line 500, file /home/travis/build/handsomehack/HackprivateRepo/Doxyfile
warning: ignoring unsupported tag `RESOLVE_UNNAMED_PARAMS =' at line 544, file /home/travis/build/handsomehack/HackprivateRepo/Doxyfile
warning: ignoring unsupported tag `CLANG_ADD_INC_PATHS    =' at line 1166, file /home/travis/build/handsomehack/HackprivateRepo/Doxyfile
warning: ignoring unsupported tag `CLANG_DATABASE_PATH    =' at line 1187, file /home/travis/build/handsomehack/HackprivateRepo/Doxyfile
warning: ignoring unsupported tag `HTML_DYNAMIC_MENUS     =' at line 1345, file /home/travis/build/handsomehack/HackprivateRepo/Doxyfile
warning: ignoring unsupported tag `HTML_FORMULA_FORMAT    =' at line 1619, file /home/travis/build/handsomehack/HackprivateRepo/Doxyfile
warning: ignoring unsupported tag `FORMULA_MACROFILE      =' at line 1645, file /home/travis/build/handsomehack/HackprivateRepo/Doxyfile
warning: ignoring unsupported tag `LATEX_MAKEINDEX_CMD    =' at line 1832, file /home/travis/build/handsomehack/HackprivateRepo/Doxyfile
warning: ignoring unsupported tag `LATEX_EMOJI_DIRECTORY  =' at line 1976, file /home/travis/build/handsomehack/HackprivateRepo/Doxyfile
warning: ignoring unsupported tag `XML_NS_MEMB_FILE_SCOPE =' at line 2120, file /home/travis/build/handsomehack/HackprivateRepo/Doxyfile
warning: ignoring unsupported tag `DOT_UML_DETAILS        =' at line 2448, file /home/travis/build/handsomehack/HackprivateRepo/Doxyfile
warning: ignoring unsupported tag `DOT_WRAP_THRESHOLD     =' at line 2457, file /home/travis/build/handsomehack/HackprivateRepo/Doxyfile
warning: ignoring unsupported tag `PLANTUML_CFG_FILE      =' at line 2588, file /home/travis/build/handsomehack/HackprivateRepo/Doxyfile
Searching for include files...
Searching for example files...
Searching for images...
Searching for dot files...
Searching for msc files...
Searching for dia files...
Searching for files to exclude
Searching INPUT for files to process...
Searching for files in directory /home/travis/build/handsomehack/HackprivateRepo/Semester2/Worksheet7
Searching for files in directory /home/travis/build/handsomehack/HackprivateRepo/Semester2/Worksheet7/CMakeFiles
Searching for files in directory /home/travis/build/handsomehack/HackprivateRepo/Semester2/Worksheet7/CMakeFiles/3.12.4
Searching for files in directory /home/travis/build/handsomehack/HackprivateRepo/Semester2/Worksheet7/CMakeFiles/3.12.4/CompilerIdC
Searching for files in directory /home/travis/build/handsomehack/HackprivateRepo/Semester2/Worksheet7/CMakeFiles/3.12.4/CompilerIdC/tmp
Searching for files in directory /home/travis/build/handsomehack/HackprivateRepo/Semester2/Worksheet7/CMakeFiles/3.12.4/CompilerIdCXX
Searching for files in directory /home/travis/build/handsomehack/HackprivateRepo/Semester2/Worksheet7/CMakeFiles/3.12.4/CompilerIdCXX/tmp
Searching for files in directory /home/travis/build/handsomehack/HackprivateRepo/Semester2/Worksheet7/CMakeFiles/CMakeTmp
Searching for files in directory /home/travis/build/handsomehack/HackprivateRepo/Semester2/Worksheet7/CMakeFiles/Continuous.dir
Searching for files in directory /home/travis/build/handsomehack/HackprivateRepo/Semester2/Worksheet7/CMakeFiles/ContinuousBuild.dir
Searching for files in directory /home/travis/build/handsomehack/HackprivateRepo/Semester2/Worksheet7/CMakeFiles/ContinuousConfigure.dir
Searching for files in directory /home/travis/build/handsomehack/HackprivateRepo/Semester2/Worksheet7/CMakeFiles/ContinuousCoverage.dir
Searching for files in directory /home/travis/build/handsomehack/HackprivateRepo/Semester2/Worksheet7/CMakeFiles/ContinuousMemCheck.dir
Searching for files in directory /home/travis/build/handsomehack/HackprivateRepo/Semester2/Worksheet7/CMakeFiles/ContinuousStart.dir
Searching for files in directory /home/travis/build/handsomehack/HackprivateRepo/Semester2/Worksheet7/CMakeFiles/ContinuousSubmit.dir
Searching for files in directory /home/travis/build/handsomehack/HackprivateRepo/Semester2/Worksheet7/CMakeFiles/ContinuousTest.dir
Searching for files in directory /home/travis/build/handsomehack/HackprivateRepo/Semester2/Worksheet7/CMakeFiles/ContinuousUpdate.dir
Searching for files in directory /home/travis/build/handsomehack/HackprivateRepo/Semester2/Worksheet7/CMakeFiles/Experimental.dir
Searching for files in directory /home/travis/build/handsomehack/HackprivateRepo/Semester2/Worksheet7/CMakeFiles/ExperimentalBuild.dir
Searching for files in directory /home/travis/build/handsomehack/HackprivateRepo/Semester2/Worksheet7/CMakeFiles/ExperimentalConfigure.dir
Searching for files in directory /home/travis/build/handsomehack/HackprivateRepo/Semester2/Worksheet7/CMakeFiles/ExperimentalCoverage.dir
Searching for files in directory /home/travis/build/handsomehack/HackprivateRepo/Semester2/Worksheet7/CMakeFiles/ExperimentalMemCheck.dir
Searching for files in directory /home/travis/build/handsomehack/HackprivateRepo/Semester2/Worksheet7/CMakeFiles/ExperimentalStart.dir
Searching for files in directory /home/travis/build/handsomehack/HackprivateRepo/Semester2/Worksheet7/CMakeFiles/ExperimentalSubmit.dir
Searching for files in directory /home/travis/build/handsomehack/HackprivateRepo/Semester2/Worksheet7/CMakeFiles/ExperimentalTest.dir
Searching for files in directory /home/travis/build/handsomehack/HackprivateRepo/Semester2/Worksheet7/CMakeFiles/ExperimentalUpdate.dir
Searching for files in directory /home/travis/build/handsomehack/HackprivateRepo/Semester2/Worksheet7/CMakeFiles/maths.dir
Searching for files in directory /home/travis/build/handsomehack/HackprivateRepo/Semester2/Worksheet7/CMakeFiles/Nightly.dir
Searching for files in directory /home/travis/build/handsomehack/HackprivateRepo/Semester2/Worksheet7/CMakeFiles/NightlyBuild.dir
Searching for files in directory /home/travis/build/handsomehack/HackprivateRepo/Semester2/Worksheet7/CMakeFiles/NightlyConfigure.dir
Searching for files in directory /home/travis/build/handsomehack/HackprivateRepo/Semester2/Worksheet7/CMakeFiles/NightlyCoverage.dir
Searching for files in directory /home/travis/build/handsomehack/HackprivateRepo/Semester2/Worksheet7/CMakeFiles/NightlyMemCheck.dir
Searching for files in directory /home/travis/build/handsomehack/HackprivateRepo/Semester2/Worksheet7/CMakeFiles/NightlyMemoryCheck.dir
Searching for files in directory /home/travis/build/handsomehack/HackprivateRepo/Semester2/Worksheet7/CMakeFiles/NightlyStart.dir
Searching for files in directory /home/travis/build/handsomehack/HackprivateRepo/Semester2/Worksheet7/CMakeFiles/NightlySubmit.dir
Searching for files in directory /home/travis/build/handsomehack/HackprivateRepo/Semester2/Worksheet7/CMakeFiles/NightlyTest.dir
Searching for files in directory /home/travis/build/handsomehack/HackprivateRepo/Semester2/Worksheet7/CMakeFiles/NightlyUpdate.dir
Searching for files in directory /home/travis/build/handsomehack/HackprivateRepo/Semester2/Worksheet7/CMakeFiles/test1.dir
Searching for files in directory /home/travis/build/handsomehack/HackprivateRepo/Semester2/Worksheet7/Testing
Searching for files in directory /home/travis/build/handsomehack/HackprivateRepo/Semester2/Worksheet7/Testing/Temporary
Reading and parsing tag files
Parsing files
Preprocessing /home/travis/build/handsomehack/HackprivateRepo/Semester2/Worksheet7/calc.cpp...
Parsing file /home/travis/build/handsomehack/HackprivateRepo/Semester2/Worksheet7/calc.cpp...
Preprocessing /home/travis/build/handsomehack/HackprivateRepo/Semester2/Worksheet7/CMakeFiles/3.12.4/CompilerIdC/CMakeCCompilerId.c...
Parsing file /home/travis/build/handsomehack/HackprivateRepo/Semester2/Worksheet7/CMakeFiles/3.12.4/CompilerIdC/CMakeCCompilerId.c...
Preprocessing /home/travis/build/handsomehack/HackprivateRepo/Semester2/Worksheet7/CMakeFiles/3.12.4/CompilerIdCXX/CMakeCXXCompilerId.cpp...
Parsing file /home/travis/build/handsomehack/HackprivateRepo/Semester2/Worksheet7/CMakeFiles/3.12.4/CompilerIdCXX/CMakeCXXCompilerId.cpp...
Preprocessing /home/travis/build/handsomehack/HackprivateRepo/Semester2/Worksheet7/CMakeFiles/feature_tests.c...
Parsing file /home/travis/build/handsomehack/HackprivateRepo/Semester2/Worksheet7/CMakeFiles/feature_tests.c...
Preprocessing /home/travis/build/handsomehack/HackprivateRepo/Semester2/Worksheet7/CMakeFiles/feature_tests.cxx...
Parsing file /home/travis/build/handsomehack/HackprivateRepo/Semester2/Worksheet7/CMakeFiles/feature_tests.cxx...
Preprocessing /home/travis/build/handsomehack/HackprivateRepo/Semester2/Worksheet7/maths.cpp...
Parsing file /home/travis/build/handsomehack/HackprivateRepo/Semester2/Worksheet7/maths.cpp...
Preprocessing /home/travis/build/handsomehack/HackprivateRepo/Semester2/Worksheet7/maths.h...
Parsing file /home/travis/build/handsomehack/HackprivateRepo/Semester2/Worksheet7/maths.h...
Preprocessing /home/travis/build/handsomehack/HackprivateRepo/Semester2/Worksheet7/test1.cpp...
Parsing file /home/travis/build/handsomehack/HackprivateRepo/Semester2/Worksheet7/test1.cpp...
Building group list...
Building directory list...
Building namespace list...
Building file list...
Building class list...
Associating documentation with classes...
Computing nesting relations for classes...
Building example list...
Searching for enumerations...
Searching for documented typedefs...
Searching for members imported via using declarations...
Searching for included using directives...
Searching for documented variables...
Building interface member list...
Building member list...
Searching for friends...
Searching for documented defines...
Computing class inheritance relations...
Computing class usage relations...
Flushing cached template relations that have become invalid...
Creating members for template instances...
Computing class relations...
Add enum values to enums...
Searching for member function documentation...
Building page list...
Search for main page...
Computing page relations...
Determining the scope of groups...
Sorting lists...
Freeing entry tree
Determining which enums are documented
Computing member relations...
Building full member lists recursively...
Adding members to member groups.
Computing member references...
Inheriting documentation...
Generating disk names...
Adding source references...
Adding xrefitems...
Sorting member lists...
Computing dependencies between directories...
Generating citations page...
Counting data structures...
Resolving user defined references...
Finding anchors and sections in the documentation...
Transferring function references...
Combining using relations...
Adding members to index pages...
Generating style sheet...
Generating search indices...
Generating example documentation...
Generating file sources...
Generating code for file /home/travis/build/handsomehack/HackprivateRepo/Semester2/Worksheet7/maths.h...
Generating file documentation...
Generating docs for file /home/travis/build/handsomehack/HackprivateRepo/Semester2/Worksheet7/maths.h...
Generating page documentation...
Generating group documentation...
Generating class documentation...
Generating namespace index...
Generating graph info page...
Generating directory documentation...
Generating index page...
Generating page index...
Generating module index...
Generating namespace index...
Generating namespace member index...
Generating annotated compound index...
Generating alphabetical compound index...
Generating hierarchical class index...
Generating member index...
Generating file index...
Generating file member index...
Generating example index...
finalizing index lists...
writing tag file...
lookup cache used 1/65536 hits=1 misses=1
finished...
